<?xml version="1.0" encoding="UTF-8"?>
<testsuite xmlns:xsi="http://www.w3.org/2001/XMLSchema-instance" xsi:noNamespaceSchemaLocation="https://maven.apache.org/surefire/maven-surefire-plugin/xsd/surefire-test-report-3.0.xsd" version="3.0" name="TestSuite" time="0.53" tests="2" errors="0" skipped="0" failures="0">
  <properties>
[...]
</properties>
  <testcase name="test_case1" classname="testsuite.Test_VideoGame" time="0.009">
    <system-out><![CDATA[Class Test_VideoGame:test_case1
]]></system-out>
  </testcase>
  <testcase name="test_case2" classname="testsuite.Test_VideoGame" time="0.001">
    <system-out><![CDATA[Class Test_VideoGame:test_case2
]]></system-out>
  </testcase>
</testsuite>