<?xml version="1.0" encoding="UTF-8"?>
<testng-results ignored="0" total="2" passed="2" failed="0" skipped="0">
  <reporter-output>
  </reporter-output>
  <suite started-at="2021-10-24T22:03:41 EDT" name="Suite" finished-at="2021-10-24T22:03:41 EDT" duration-ms="54">
    <groups>
    </groups>
    <test started-at="2021-10-24T22:03:41 EDT" name="Test" finished-at="2021-10-24T22:03:41 EDT" duration-ms="54">
      <class name="testsuite.Test_VideoGame">
        <test-method signature="test_case1()[pri:0, instance:testsuite.Test_VideoGame@2a4fb17b]" started-at="2021-10-24T22:03:41 EDT" name="test_case1" finished-at="2021-10-24T22:03:41 EDT" duration-ms="9" status="PASS">
          <reporter-output>
          </reporter-output>
        </test-method> <!-- test_case1 -->
        <test-method signature="test_case2()[pri:0, instance:testsuite.Test_VideoGame@2a4fb17b]" started-at="2021-10-24T22:03:41 EDT" name="test_case2" finished-at="2021-10-24T22:03:41 EDT" duration-ms="1" status="PASS">
          <reporter-output>
          </reporter-output>
        </test-method> <!-- test_case2 -->
      </class> <!-- testsuite.Test_VideoGame -->
    </test> <!-- Test -->
  </suite> <!-- Suite -->
</testng-results>
