<?xml version="1.0" encoding="UTF-8"?>
<testng-results ignored="0" total="0" passed="0" failed="0" skipped="0">
  <reporter-output>
  </reporter-output>
  <suite started-at="2021-10-13T19:33:55 EDT" name="ProgrammaticallyRunningSuite" finished-at="2021-10-13T19:33:55 EDT" duration-ms="7">
    <groups>
    </groups>
    <test started-at="2021-10-13T19:33:55 EDT" name="test1" finished-at="2021-10-13T19:33:55 EDT" duration-ms="7">
    </test> <!-- test1 -->
  </suite> <!-- ProgrammaticallyRunningSuite -->
</testng-results>
